0	1	mikroCPIC1618.exe -MSF -DBG -pP18F26K22 -DL -O11111114 -fo8 -N"G:\Mi unidad\UPIITA\AR UPIITA\Diseños de Minisumos\Black Shadow\Programación\BlackShadow_code.mcppi" -SP"Q:\Programas\MikroCpro\mikroC PRO for PIC\Defs\" -SP"Q:\Programas\MikroCpro\mikroC PRO for PIC\uses\P18\" -SP"G:\Mi unidad\UPIITA\AR UPIITA\Diseños de Minisumos\Black Shadow\Programación\" -IP"Q:\Programas\MikroCpro\mikroC PRO for PIC\uses\P18\" -IP"G:\Mi unidad\UPIITA\AR UPIITA\Diseños de Minisumos\Black Shadow\Programación\" "BlackShadow_code.c" "Configuraciones.c" "millis.c" "__Lib_Math.mcl" "__Lib_MathDouble.mcl" "__Lib_System.mcl" "__Lib_Delays.mcl" "__Lib_CType.mcl" "__Lib_CString.mcl" "__Lib_CStdlib.mcl" "__Lib_CMath.mcl" "__Lib_PWM_c21.mcl" "__Lib_PWM_b50a4.mcl"	 
hint: 0	1139	Available RAM: 3875 [bytes], Available ROM: 65536 [bytes]	 
diagnostics: 0	122	Compilation Started	configuraciones.h
warning: 152	1504	Initialization of extern object 'sub_cmb_izq'	configuraciones.h
warning: 153	1504	Initialization of extern object 't_cmb_izq'	configuraciones.h
warning: 156	1504	Initialization of extern object 'sub_cmb_der'	configuraciones.h
warning: 157	1504	Initialization of extern object 't_cmb_der'	configuraciones.h
warning: 160	1504	Initialization of extern object 'sub_cmb_rec'	configuraciones.h
warning: 161	1504	Initialization of extern object 't_cmb_rec'	configuraciones.h
warning: 164	1504	Initialization of extern object 'sub_cmb_izq_giro'	configuraciones.h
warning: 165	1504	Initialization of extern object 't_cmb_izq_giro'	configuraciones.h
warning: 168	1504	Initialization of extern object 'sub_cmb_der_giro'	configuraciones.h
warning: 169	1504	Initialization of extern object 't_cmb_der_giro'	configuraciones.h
warning: 172	1504	Initialization of extern object 'sub_cmb_buscar'	configuraciones.h
warning: 173	1504	Initialization of extern object 't_cmb_buscar'	configuraciones.h
warning: 176	1504	Initialization of extern object 'sub_cmb_linea'	configuraciones.h
warning: 177	1504	Initialization of extern object 't_cmb_linea'	configuraciones.h
diagnostics: 65	123	Compiled Successfully	BlackShadow_code.c
diagnostics: 0	122	Compilation Started	configuraciones.h
warning: 152	1504	Initialization of extern object 'sub_cmb_izq'	configuraciones.h
warning: 153	1504	Initialization of extern object 't_cmb_izq'	configuraciones.h
warning: 156	1504	Initialization of extern object 'sub_cmb_der'	configuraciones.h
warning: 157	1504	Initialization of extern object 't_cmb_der'	configuraciones.h
warning: 160	1504	Initialization of extern object 'sub_cmb_rec'	configuraciones.h
warning: 161	1504	Initialization of extern object 't_cmb_rec'	configuraciones.h
warning: 164	1504	Initialization of extern object 'sub_cmb_izq_giro'	configuraciones.h
warning: 165	1504	Initialization of extern object 't_cmb_izq_giro'	configuraciones.h
warning: 168	1504	Initialization of extern object 'sub_cmb_der_giro'	configuraciones.h
warning: 169	1504	Initialization of extern object 't_cmb_der_giro'	configuraciones.h
warning: 172	1504	Initialization of extern object 'sub_cmb_buscar'	configuraciones.h
warning: 173	1504	Initialization of extern object 't_cmb_buscar'	configuraciones.h
warning: 176	1504	Initialization of extern object 'sub_cmb_linea'	configuraciones.h
warning: 177	1504	Initialization of extern object 't_cmb_linea'	configuraciones.h
diagnostics: 740	123	Compiled Successfully	Configuraciones.c
diagnostics: 0	122	Compilation Started	milis.h
diagnostics: 25	123	Compiled Successfully	millis.c
diagnostics: 0	127	All files Compiled in 437 ms	 
hint: 0	1144	Used RAM (bytes): 61 (2%)  Free RAM (bytes): 3814 (98%)	Used RAM (bytes): 61 (2%)  Free RAM (bytes): 3814 (98%)
hint: 0	1144	Used ROM (bytes): 4616 (7%)  Free ROM (bytes): 60920 (93%)	Used ROM (bytes): 4616 (7%)  Free ROM (bytes): 60920 (93%)
diagnostics: 0	125	Project Linked Successfully	BlackShadow_code.mcppi
diagnostics: 0	128	Linked in 188 ms	 
diagnostics: 0	129	Project 'BlackShadow_code.mcppi' completed: 641 ms	 
diagnostics: 0	103	Finished successfully: 12 sep. 2025, 17:25:54	BlackShadow_code.mcppi
