;  LST file generated by mikroListExporter - v.2.0 
; Date/Time: 17/07/2025 01:53:53 p. m.
;----------------------------------------------

;Address Opcode 	ASM
0x0000	0xF001EFB4  	GOTO        872
_INTERRUPT:
;BlackShadow_code.c,379 :: 		void INTERRUPT(){
;BlackShadow_code.c,382 :: 		if (INTCON3.INT1IF) {
0x0008	0xA0F0      	BTFSS       INTCON3, 0 
0x000A	0xD003      	BRA         L_INTERRUPT83
;BlackShadow_code.c,383 :: 		INTCON3.INT1IF = 0; // Limpia la bandera de INT1
0x000C	0x90F0      	BCF         INTCON3, 0 
;BlackShadow_code.c,384 :: 		linea_izq_detectada = 1;    // Solo activa la bandera
0x000E	0x0E01      	MOVLW       1
0x0010	0x6E15      	MOVWF       _linea_izq_detectada 
;BlackShadow_code.c,386 :: 		}
L_INTERRUPT83:
;BlackShadow_code.c,388 :: 		if (INTCON3.INT2IF) {
0x0012	0xA2F0      	BTFSS       INTCON3, 1 
0x0014	0xD003      	BRA         L_INTERRUPT84
;BlackShadow_code.c,389 :: 		INTCON3.INT2IF = 0; // Limpia la bandera de INT2
0x0016	0x92F0      	BCF         INTCON3, 1 
;BlackShadow_code.c,390 :: 		linea_der_detectada = 1;    // Solo activa la bandera
0x0018	0x0E01      	MOVLW       1
0x001A	0x6E16      	MOVWF       _linea_der_detectada 
;BlackShadow_code.c,391 :: 		}
L_INTERRUPT84:
;BlackShadow_code.c,392 :: 		}
L_end_INTERRUPT:
L__INTERRUPT217:
0x001C	0x0011      	RETFIE      1
; end of _INTERRUPT
_PWM4_Start:
;__Lib_PWM_b50a4.c,49 :: 		
;__Lib_PWM_b50a4.c,50 :: 		
0x001E	0x9093      	BCF         TRISB0_bit, BitPos(TRISB0_bit+0) 
;__Lib_PWM_b50a4.c,51 :: 		
0x0020	0x84BA      	BSF         T2CON, 2 
;__Lib_PWM_b50a4.c,52 :: 		
0x0022	0x0E0C      	MOVLW       12
0x0024	0x010F      	MOVLB       15
0x0026	0x1357      	IORWF       CCP4CON, 1, 1
;__Lib_PWM_b50a4.c,53 :: 		
L_end_PWM4_Start:
0x0028	0x0012      	RETURN      0
; end of _PWM4_Start
_PWM5_Start:
;__Lib_PWM_b50a4.c,79 :: 		
;__Lib_PWM_b50a4.c,80 :: 		
0x002A	0x9892      	BCF         TRISA4_bit, BitPos(TRISA4_bit+0) 
;__Lib_PWM_b50a4.c,81 :: 		
0x002C	0x84BA      	BSF         T2CON, 2 
;__Lib_PWM_b50a4.c,82 :: 		
0x002E	0x0E0C      	MOVLW       12
0x0030	0x010F      	MOVLB       15
0x0032	0x1354      	IORWF       CCP5CON, 1, 1
;__Lib_PWM_b50a4.c,83 :: 		
L_end_PWM5_Start:
0x0034	0x0012      	RETURN      0
; end of _PWM5_Start
_PWM3_Start:
;__Lib_PWM_b50a4.c,19 :: 		
;__Lib_PWM_b50a4.c,20 :: 		
0x0036	0x9A93      	BCF         TRISB5_bit, BitPos(TRISB5_bit+0) 
;__Lib_PWM_b50a4.c,21 :: 		
0x0038	0x84BA      	BSF         T2CON, 2 
;__Lib_PWM_b50a4.c,22 :: 		
0x003A	0x0E0C      	MOVLW       12
0x003C	0x010F      	MOVLB       15
0x003E	0x135D      	IORWF       CCP3CON, 1, 1
;__Lib_PWM_b50a4.c,23 :: 		
L_end_PWM3_Start:
0x0040	0x0012      	RETURN      0
; end of _PWM3_Start
_PWM1_Start:
;__Lib_PWM_c21.c,53 :: 		
;__Lib_PWM_c21.c,54 :: 		
0x0042	0x9494      	BCF         TRISC2_bit, BitPos(TRISC2_bit+0) 
;__Lib_PWM_c21.c,55 :: 		
0x0044	0x84BA      	BSF         T2CON, 2 
;__Lib_PWM_c21.c,56 :: 		
0x0046	0x0E0C      	MOVLW       12
0x0048	0x12BD      	IORWF       CCP1CON, 1 
;__Lib_PWM_c21.c,57 :: 		
L_end_PWM1_Start:
0x004A	0x0012      	RETURN      0
; end of _PWM1_Start
_PWM2_Start:
;__Lib_PWM_c21.c,19 :: 		
;__Lib_PWM_c21.c,20 :: 		
0x004C	0x9294      	BCF         TRISC1_bit, BitPos(TRISC1_bit+0) 
;__Lib_PWM_c21.c,21 :: 		
0x004E	0x84BA      	BSF         T2CON, 2 
;__Lib_PWM_c21.c,22 :: 		
0x0050	0x0E0C      	MOVLW       12
0x0052	0x1266      	IORWF       CCP2CON, 1 
;__Lib_PWM_c21.c,23 :: 		
L_end_PWM2_Start:
0x0054	0x0012      	RETURN      0
; end of _PWM2_Start
_Mul_16X16_U:
;__Lib_Math.c,440 :: 		
;__Lib_Math.c,447 :: 		
0x0056	0x6A0B      	CLRF        R11, 0
;__Lib_Math.c,448 :: 		
0x0058	0x6A0A      	CLRF        R10, 0
;__Lib_Math.c,449 :: 		
0x005A	0x6A09      	CLRF        R9, 0
;__Lib_Math.c,450 :: 		
0x005C	0x5000      	MOVF        R0, 0, 0
;__Lib_Math.c,451 :: 		
0x005E	0x0204      	MULWF       R4, 0
;__Lib_Math.c,453 :: 		
0x0060	0xF009CFF4  	MOVFF       PRODH, R9
;__Lib_Math.c,454 :: 		
0x0064	0xF008CFF3  	MOVFF       PRODL, R8
;__Lib_Math.c,455 :: 		
0x0068	0x5001      	MOVF        R1, 0, 0
;__Lib_Math.c,456 :: 		
0x006A	0x0205      	MULWF       R5, 0
;__Lib_Math.c,458 :: 		
0x006C	0xF00BCFF4  	MOVFF       PRODH, R11
;__Lib_Math.c,459 :: 		
0x0070	0xF00ACFF3  	MOVFF       PRODL, R10
;__Lib_Math.c,460 :: 		
0x0074	0x5000      	MOVF        R0, 0, 0
;__Lib_Math.c,461 :: 		
0x0076	0x0205      	MULWF       R5, 0
;__Lib_Math.c,463 :: 		
0x0078	0x50F3      	MOVF        PRODL, 0, 0
;__Lib_Math.c,464 :: 		
0x007A	0x2609      	ADDWF       R9, 1, 0
;__Lib_Math.c,465 :: 		
0x007C	0x50F4      	MOVF        PRODH, 0, 0
;__Lib_Math.c,466 :: 		
0x007E	0x220A      	ADDWFC      R10, 1, 0
;__Lib_Math.c,467 :: 		
0x0080	0x6AE8      	CLRF        WREG, 0
;__Lib_Math.c,468 :: 		
0x0082	0x220B      	ADDWFC      R11, 1, 0
;__Lib_Math.c,469 :: 		
0x0084	0x5001      	MOVF        R1, 0, 0
;__Lib_Math.c,470 :: 		
0x0086	0x0204      	MULWF       R4, 0
;__Lib_Math.c,472 :: 		
0x0088	0x50F3      	MOVF        PRODL, 0, 0
;__Lib_Math.c,473 :: 		
0x008A	0x2609      	ADDWF       R9, 1, 0
;__Lib_Math.c,474 :: 		
0x008C	0x50F4      	MOVF        PRODH, 0, 0
;__Lib_Math.c,475 :: 		
0x008E	0x220A      	ADDWFC      R10, 1, 0
;__Lib_Math.c,476 :: 		
0x0090	0x6AE8      	CLRF        WREG, 0
;__Lib_Math.c,477 :: 		
0x0092	0x220B      	ADDWFC      R11, 1, 0
;__Lib_Math.c,479 :: 		
0x0094	0xF000C008  	MOVFF       R8, R0
;__Lib_Math.c,480 :: 		
0x0098	0xF001C009  	MOVFF       R9, R1
;__Lib_Math.c,481 :: 		
0x009C	0xF002C00A  	MOVFF       R10, R2
;__Lib_Math.c,482 :: 		
0x00A0	0xF003C00B  	MOVFF       R11, R3
;__Lib_Math.c,485 :: 		
L_end_Mul_16X16_U:
0x00A4	0x0012      	RETURN      0
; end of _Mul_16X16_U
_PWM4_Set_Duty:
;__Lib_PWM_b50a4.c,38 :: 		
;__Lib_PWM_b50a4.c,42 :: 		
0x00A6	0x50BB      	MOVF        PR2, 0 
0x00A8	0x0F01      	ADDLW       1
0x00AA	0x6E00      	MOVWF       R0 
0x00AC	0x6A01      	CLRF        R1 
0x00AE	0x0E00      	MOVLW       0
0x00B0	0x2201      	ADDWFC      R1, 1 
0x00B2	0xF004C01B  	MOVFF       FARG_PWM4_Set_Duty_new_duty, R4
0x00B6	0x0E00      	MOVLW       0
0x00B8	0x6E05      	MOVWF       R5 
0x00BA	0xDFCD      	RCALL       _Mul_16X16_U
0x00BC	0x0E06      	MOVLW       6
0x00BE	0x6E02      	MOVWF       R2 
0x00C0	0xF004C000  	MOVFF       R0, R4
0x00C4	0xF005C001  	MOVFF       R1, R5
0x00C8	0x5002      	MOVF        R2, 0 
L__PWM4_Set_Duty10:
0x00CA	0xE005      	BZ          L__PWM4_Set_Duty11
0x00CC	0x3205      	RRCF        R5, 1 
0x00CE	0x3204      	RRCF        R4, 1 
0x00D0	0x9E05      	BCF         R5, 7 
0x00D2	0x0FFF      	ADDLW       255
0x00D4	0xD7FA      	BRA         L__PWM4_Set_Duty10
L__PWM4_Set_Duty11:
;__Lib_PWM_b50a4.c,43 :: 		
0x00D6	0x0E04      	MOVLW       4
0x00D8	0x6E01      	MOVWF       R1 
0x00DA	0xF000C004  	MOVFF       R4, R0
0x00DE	0x5001      	MOVF        R1, 0 
L__PWM4_Set_Duty12:
0x00E0	0xE004      	BZ          L__PWM4_Set_Duty13
0x00E2	0x3600      	RLCF        R0, 1 
0x00E4	0x9000      	BCF         R0, 0 
0x00E6	0x0FFF      	ADDLW       255
0x00E8	0xD7FB      	BRA         L__PWM4_Set_Duty12
L__PWM4_Set_Duty13:
0x00EA	0x0E30      	MOVLW       48
0x00EC	0x1400      	ANDWF       R0, 0 
0x00EE	0x6E03      	MOVWF       R3 
;__Lib_PWM_b50a4.c,44 :: 		
0x00F0	0xF000C004  	MOVFF       R4, R0
0x00F4	0xF001C005  	MOVFF       R5, R1
0x00F8	0x3201      	RRCF        R1, 1 
0x00FA	0x3200      	RRCF        R0, 1 
0x00FC	0x9E01      	BCF         R1, 7 
0x00FE	0x3201      	RRCF        R1, 1 
0x0100	0x3200      	RRCF        R0, 1 
0x0102	0x9E01      	BCF         R1, 7 
0x0104	0xFF58C000  	MOVFF       R0, CCPR4L
;__Lib_PWM_b50a4.c,45 :: 		
0x0108	0x0E0F      	MOVLW       15
0x010A	0x010F      	MOVLB       15
0x010C	0x1757      	ANDWF       CCP4CON, 1, 1
;__Lib_PWM_b50a4.c,46 :: 		
0x010E	0x5003      	MOVF        R3, 0 
0x0110	0x1357      	IORWF       CCP4CON, 1, 1
;__Lib_PWM_b50a4.c,47 :: 		
L_end_PWM4_Set_Duty:
0x0112	0x0012      	RETURN      0
; end of _PWM4_Set_Duty
_Start:
;BlackShadow_code.c,245 :: 		void Start(){
;BlackShadow_code.c,246 :: 		PWM1_Start();
0x0114	0xDF96      	RCALL       _PWM1_Start
;BlackShadow_code.c,247 :: 		PWM2_Start();
0x0116	0xDF9A      	RCALL       _PWM2_Start
;BlackShadow_code.c,248 :: 		PWM3_Start();
0x0118	0xDF8E      	RCALL       _PWM3_Start
;BlackShadow_code.c,249 :: 		PWM4_Start();
0x011A	0xDF81      	RCALL       _PWM4_Start
;BlackShadow_code.c,250 :: 		PWM5_Start();
0x011C	0xDF86      	RCALL       _PWM5_Start
;BlackShadow_code.c,251 :: 		return;
;BlackShadow_code.c,252 :: 		}
L_end_Start:
0x011E	0x0012      	RETURN      0
; end of _Start
_PWM3_Set_Duty:
;__Lib_PWM_b50a4.c,8 :: 		
;__Lib_PWM_b50a4.c,12 :: 		
0x0120	0x50BB      	MOVF        PR2, 0 
0x0122	0x0F01      	ADDLW       1
0x0124	0x6E00      	MOVWF       R0 
0x0126	0x6A01      	CLRF        R1 
0x0128	0x0E00      	MOVLW       0
0x012A	0x2201      	ADDWFC      R1, 1 
0x012C	0xF004C01B  	MOVFF       FARG_PWM3_Set_Duty_new_duty, R4
0x0130	0x0E00      	MOVLW       0
0x0132	0x6E05      	MOVWF       R5 
0x0134	0xDF90      	RCALL       _Mul_16X16_U
0x0136	0x0E06      	MOVLW       6
0x0138	0x6E02      	MOVWF       R2 
0x013A	0xF004C000  	MOVFF       R0, R4
0x013E	0xF005C001  	MOVFF       R1, R5
0x0142	0x5002      	MOVF        R2, 0 
L__PWM3_Set_Duty2:
0x0144	0xE005      	BZ          L__PWM3_Set_Duty3
0x0146	0x3205      	RRCF        R5, 1 
0x0148	0x3204      	RRCF        R4, 1 
0x014A	0x9E05      	BCF         R5, 7 
0x014C	0x0FFF      	ADDLW       255
0x014E	0xD7FA      	BRA         L__PWM3_Set_Duty2
L__PWM3_Set_Duty3:
;__Lib_PWM_b50a4.c,13 :: 		
0x0150	0x0E04      	MOVLW       4
0x0152	0x6E01      	MOVWF       R1 
0x0154	0xF000C004  	MOVFF       R4, R0
0x0158	0x5001      	MOVF        R1, 0 
L__PWM3_Set_Duty4:
0x015A	0xE004      	BZ          L__PWM3_Set_Duty5
0x015C	0x3600      	RLCF        R0, 1 
0x015E	0x9000      	BCF         R0, 0 
0x0160	0x0FFF      	ADDLW       255
0x0162	0xD7FB      	BRA         L__PWM3_Set_Duty4
L__PWM3_Set_Duty5:
0x0164	0x0E30      	MOVLW       48
0x0166	0x1400      	ANDWF       R0, 0 
0x0168	0x6E03      	MOVWF       R3 
;__Lib_PWM_b50a4.c,14 :: 		
0x016A	0xF000C004  	MOVFF       R4, R0
0x016E	0xF001C005  	MOVFF       R5, R1
0x0172	0x3201      	RRCF        R1, 1 
0x0174	0x3200      	RRCF        R0, 1 
0x0176	0x9E01      	BCF         R1, 7 
0x0178	0x3201      	RRCF        R1, 1 
0x017A	0x3200      	RRCF        R0, 1 
0x017C	0x9E01      	BCF         R1, 7 
0x017E	0xFF5EC000  	MOVFF       R0, CCPR3L
;__Lib_PWM_b50a4.c,15 :: 		
0x0182	0x0E0F      	MOVLW       15
0x0184	0x010F      	MOVLB       15
0x0186	0x175D      	ANDWF       CCP3CON, 1, 1
;__Lib_PWM_b50a4.c,16 :: 		
0x0188	0x5003      	MOVF        R3, 0 
0x018A	0x135D      	IORWF       CCP3CON, 1, 1
;__Lib_PWM_b50a4.c,17 :: 		
L_end_PWM3_Set_Duty:
0x018C	0x0012      	RETURN      0
; end of _PWM3_Set_Duty
_PWM1_Set_Duty:
;__Lib_PWM_c21.c,42 :: 		
;__Lib_PWM_c21.c,46 :: 		
0x018E	0x50BB      	MOVF        PR2, 0 
0x0190	0x0F01      	ADDLW       1
0x0192	0x6E00      	MOVWF       R0 
0x0194	0x6A01      	CLRF        R1 
0x0196	0x0E00      	MOVLW       0
0x0198	0x2201      	ADDWFC      R1, 1 
0x019A	0xF004C01B  	MOVFF       FARG_PWM1_Set_Duty_new_duty, R4
0x019E	0x0E00      	MOVLW       0
0x01A0	0x6E05      	MOVWF       R5 
0x01A2	0xDF59      	RCALL       _Mul_16X16_U
0x01A4	0x0E06      	MOVLW       6
0x01A6	0x6E02      	MOVWF       R2 
0x01A8	0xF004C000  	MOVFF       R0, R4
0x01AC	0xF005C001  	MOVFF       R1, R5
0x01B0	0x5002      	MOVF        R2, 0 
L__PWM1_Set_Duty10:
0x01B2	0xE005      	BZ          L__PWM1_Set_Duty11
0x01B4	0x3205      	RRCF        R5, 1 
0x01B6	0x3204      	RRCF        R4, 1 
0x01B8	0x9E05      	BCF         R5, 7 
0x01BA	0x0FFF      	ADDLW       255
0x01BC	0xD7FA      	BRA         L__PWM1_Set_Duty10
L__PWM1_Set_Duty11:
;__Lib_PWM_c21.c,47 :: 		
0x01BE	0x0E04      	MOVLW       4
0x01C0	0x6E01      	MOVWF       R1 
0x01C2	0xF000C004  	MOVFF       R4, R0
0x01C6	0x5001      	MOVF        R1, 0 
L__PWM1_Set_Duty12:
0x01C8	0xE004      	BZ          L__PWM1_Set_Duty13
0x01CA	0x3600      	RLCF        R0, 1 
0x01CC	0x9000      	BCF         R0, 0 
0x01CE	0x0FFF      	ADDLW       255
0x01D0	0xD7FB      	BRA         L__PWM1_Set_Duty12
L__PWM1_Set_Duty13:
0x01D2	0x0E30      	MOVLW       48
0x01D4	0x1400      	ANDWF       R0, 0 
0x01D6	0x6E03      	MOVWF       R3 
;__Lib_PWM_c21.c,48 :: 		
0x01D8	0xF000C004  	MOVFF       R4, R0
0x01DC	0xF001C005  	MOVFF       R5, R1
0x01E0	0x3201      	RRCF        R1, 1 
0x01E2	0x3200      	RRCF        R0, 1 
0x01E4	0x9E01      	BCF         R1, 7 
0x01E6	0x3201      	RRCF        R1, 1 
0x01E8	0x3200      	RRCF        R0, 1 
0x01EA	0x9E01      	BCF         R1, 7 
0x01EC	0xFFBEC000  	MOVFF       R0, CCPR1L
;__Lib_PWM_c21.c,49 :: 		
0x01F0	0x0E0F      	MOVLW       15
0x01F2	0x16BD      	ANDWF       CCP1CON, 1 
;__Lib_PWM_c21.c,50 :: 		
0x01F4	0x5003      	MOVF        R3, 0 
0x01F6	0x12BD      	IORWF       CCP1CON, 1 
;__Lib_PWM_c21.c,51 :: 		
L_end_PWM1_Set_Duty:
0x01F8	0x0012      	RETURN      0
; end of _PWM1_Set_Duty
_PWM2_Set_Duty:
;__Lib_PWM_c21.c,8 :: 		
;__Lib_PWM_c21.c,12 :: 		
0x01FA	0x50BB      	MOVF        PR2, 0 
0x01FC	0x0F01      	ADDLW       1
0x01FE	0x6E00      	MOVWF       R0 
0x0200	0x6A01      	CLRF        R1 
0x0202	0x0E00      	MOVLW       0
0x0204	0x2201      	ADDWFC      R1, 1 
0x0206	0xF004C01B  	MOVFF       FARG_PWM2_Set_Duty_new_duty, R4
0x020A	0x0E00      	MOVLW       0
0x020C	0x6E05      	MOVWF       R5 
0x020E	0xDF23      	RCALL       _Mul_16X16_U
0x0210	0x0E06      	MOVLW       6
0x0212	0x6E02      	MOVWF       R2 
0x0214	0xF004C000  	MOVFF       R0, R4
0x0218	0xF005C001  	MOVFF       R1, R5
0x021C	0x5002      	MOVF        R2, 0 
L__PWM2_Set_Duty2:
0x021E	0xE005      	BZ          L__PWM2_Set_Duty3
0x0220	0x3205      	RRCF        R5, 1 
0x0222	0x3204      	RRCF        R4, 1 
0x0224	0x9E05      	BCF         R5, 7 
0x0226	0x0FFF      	ADDLW       255
0x0228	0xD7FA      	BRA         L__PWM2_Set_Duty2
L__PWM2_Set_Duty3:
;__Lib_PWM_c21.c,13 :: 		
0x022A	0x0E04      	MOVLW       4
0x022C	0x6E01      	MOVWF       R1 
0x022E	0xF000C004  	MOVFF       R4, R0
0x0232	0x5001      	MOVF        R1, 0 
L__PWM2_Set_Duty4:
0x0234	0xE004      	BZ          L__PWM2_Set_Duty5
0x0236	0x3600      	RLCF        R0, 1 
0x0238	0x9000      	BCF         R0, 0 
0x023A	0x0FFF      	ADDLW       255
0x023C	0xD7FB      	BRA         L__PWM2_Set_Duty4
L__PWM2_Set_Duty5:
0x023E	0x0E30      	MOVLW       48
0x0240	0x1400      	ANDWF       R0, 0 
0x0242	0x6E03      	MOVWF       R3 
;__Lib_PWM_c21.c,14 :: 		
0x0244	0xF000C004  	MOVFF       R4, R0
0x0248	0xF001C005  	MOVFF       R5, R1
0x024C	0x3201      	RRCF        R1, 1 
0x024E	0x3200      	RRCF        R0, 1 
0x0250	0x9E01      	BCF         R1, 7 
0x0252	0x3201      	RRCF        R1, 1 
0x0254	0x3200      	RRCF        R0, 1 
0x0256	0x9E01      	BCF         R1, 7 
0x0258	0xFF67C000  	MOVFF       R0, CCPR2L
;__Lib_PWM_c21.c,15 :: 		
0x025C	0x0E0F      	MOVLW       15
0x025E	0x1666      	ANDWF       CCP2CON, 1 
;__Lib_PWM_c21.c,16 :: 		
0x0260	0x5003      	MOVF        R3, 0 
0x0262	0x1266      	IORWF       CCP2CON, 1 
;__Lib_PWM_c21.c,17 :: 		
L_end_PWM2_Set_Duty:
0x0264	0x0012      	RETURN      0
; end of _PWM2_Set_Duty
_HARD:
;BlackShadow_code.c,343 :: 		void HARD(){
;BlackShadow_code.c,344 :: 		PWM1_Set_Duty(255);
0x0266	0x0EFF      	MOVLW       255
0x0268	0x6E1B      	MOVWF       FARG_PWM1_Set_Duty_new_duty 
0x026A	0xDF91      	RCALL       _PWM1_Set_Duty
;BlackShadow_code.c,345 :: 		PWM2_Set_Duty(255);
0x026C	0x0EFF      	MOVLW       255
0x026E	0x6E1B      	MOVWF       FARG_PWM2_Set_Duty_new_duty 
0x0270	0xDFC4      	RCALL       _PWM2_Set_Duty
;BlackShadow_code.c,346 :: 		PWM3_Set_Duty(255);
0x0272	0x0EFF      	MOVLW       255
0x0274	0x6E1B      	MOVWF       FARG_PWM3_Set_Duty_new_duty 
0x0276	0xDF54      	RCALL       _PWM3_Set_Duty
;BlackShadow_code.c,347 :: 		PWM4_Set_Duty(255);
0x0278	0x0EFF      	MOVLW       255
0x027A	0x6E1B      	MOVWF       FARG_PWM4_Set_Duty_new_duty 
0x027C	0xDF14      	RCALL       _PWM4_Set_Duty
;BlackShadow_code.c,349 :: 		}
L_end_HARD:
0x027E	0x0012      	RETURN      0
; end of _HARD
_IZQ:
;BlackShadow_code.c,286 :: 		void IZQ(){
;BlackShadow_code.c,287 :: 		Start();
0x0280	0xDF49      	RCALL       _Start
;BlackShadow_code.c,288 :: 		PWM1_Set_Duty(0);
0x0282	0x6A1B      	CLRF        FARG_PWM1_Set_Duty_new_duty 
0x0284	0xDF84      	RCALL       _PWM1_Set_Duty
;BlackShadow_code.c,289 :: 		PWM2_Set_Duty(0);
0x0286	0x6A1B      	CLRF        FARG_PWM2_Set_Duty_new_duty 
0x0288	0xDFB8      	RCALL       _PWM2_Set_Duty
;BlackShadow_code.c,291 :: 		PWM3_Set_Duty(160);
0x028A	0x0EA0      	MOVLW       160
0x028C	0x6E1B      	MOVWF       FARG_PWM3_Set_Duty_new_duty 
0x028E	0xDF48      	RCALL       _PWM3_Set_Duty
;BlackShadow_code.c,292 :: 		PWM4_Set_Duty(0);
0x0290	0x6A1B      	CLRF        FARG_PWM4_Set_Duty_new_duty 
0x0292	0xDF09      	RCALL       _PWM4_Set_Duty
;BlackShadow_code.c,293 :: 		}
L_end_IZQ:
0x0294	0x0012      	RETURN      0
; end of _IZQ
_PWM2_Init:
;__Lib_PWM_c21.c,1 :: 		
;__Lib_PWM_c21.c,2 :: 		
;__Lib_PWM_c21.c,3 :: 		
0x0296	0x6A67      	CLRF        CCPR2L 
;__Lib_PWM_c21.c,4 :: 		
0x0298	0x9866      	BCF         CCP2CON, 4 
;__Lib_PWM_c21.c,5 :: 		
0x029A	0x9A66      	BCF         CCP2CON, 5 
;__Lib_PWM_c21.c,6 :: 		
L_end_PWM2_Init:
0x029C	0x0012      	RETURN      0
; end of _PWM2_Init
_PWM3_Init:
;__Lib_PWM_b50a4.c,1 :: 		
;__Lib_PWM_b50a4.c,2 :: 		
;__Lib_PWM_b50a4.c,3 :: 		
0x029E	0x010F      	MOVLB       15
0x02A0	0x6B5E      	CLRF        CCPR3L, 1
;__Lib_PWM_b50a4.c,4 :: 		
0x02A2	0x995D      	BCF         CCP3CON, 4, 1
;__Lib_PWM_b50a4.c,5 :: 		
0x02A4	0x9B5D      	BCF         CCP3CON, 5, 1
;__Lib_PWM_b50a4.c,6 :: 		
L_end_PWM3_Init:
0x02A6	0x0012      	RETURN      0
; end of _PWM3_Init
___CC2DW:
;__Lib_System.c,21 :: 		
;__Lib_System.c,23 :: 		
_CC2DL_Loop1:
;__Lib_System.c,24 :: 		
0x02A8	0x0009      	TBLRD*+
;__Lib_System.c,25 :: 		
0x02AA	0xFFE6CFF5  	MOVFF       TABLAT, POSTINC1
;__Lib_System.c,26 :: 		
0x02AE	0x0600      	DECF        R0, 1, 0
;__Lib_System.c,27 :: 		
0x02B0	0xE1FB      	BNZ         _CC2DL_Loop1
;__Lib_System.c,28 :: 		
0x02B2	0x0601      	DECF        R1, 1, 0
;__Lib_System.c,29 :: 		
0x02B4	0xE1F9      	BNZ         _CC2DL_Loop1
;__Lib_System.c,31 :: 		
L_end___CC2DW:
0x02B6	0x0012      	RETURN      0
; end of ___CC2DW
_PWM1_Init:
;__Lib_PWM_c21.c,35 :: 		
;__Lib_PWM_c21.c,36 :: 		
;__Lib_PWM_c21.c,37 :: 		
0x02B8	0x6ABE      	CLRF        CCPR1L 
;__Lib_PWM_c21.c,38 :: 		
0x02BA	0x98BD      	BCF         CCP1CON, 4 
;__Lib_PWM_c21.c,39 :: 		
0x02BC	0x9ABD      	BCF         CCP1CON, 5 
;__Lib_PWM_c21.c,40 :: 		
L_end_PWM1_Init:
0x02BE	0x0012      	RETURN      0
; end of _PWM1_Init
_PWM4_Init:
;__Lib_PWM_b50a4.c,31 :: 		
;__Lib_PWM_b50a4.c,32 :: 		
;__Lib_PWM_b50a4.c,33 :: 		
0x02C0	0x010F      	MOVLB       15
0x02C2	0x6B58      	CLRF        CCPR4L, 1
;__Lib_PWM_b50a4.c,34 :: 		
0x02C4	0x9957      	BCF         CCP4CON, 4, 1
;__Lib_PWM_b50a4.c,35 :: 		
0x02C6	0x9B57      	BCF         CCP4CON, 5, 1
;__Lib_PWM_b50a4.c,36 :: 		
L_end_PWM4_Init:
0x02C8	0x0012      	RETURN      0
; end of _PWM4_Init
_GIRO360:
;BlackShadow_code.c,326 :: 		void GIRO360(){                     //Produce un grio que beneficia si se activo el sesnor de linea
;BlackShadow_code.c,327 :: 		IZQ();                         //de la Izquierda
0x02CA	0xDFDA      	RCALL       _IZQ
;BlackShadow_code.c,328 :: 		delay_ms(250);
0x02CC	0x0E03      	MOVLW       3
0x02CE	0x6E0B      	MOVWF       R11, 0
0x02D0	0x0E8A      	MOVLW       138
0x02D2	0x6E0C      	MOVWF       R12, 0
0x02D4	0x0E55      	MOVLW       85
0x02D6	0x6E0D      	MOVWF       R13, 0
L_GIRO36050:
0x02D8	0x2E0D      	DECFSZ      R13, 1, 0
0x02DA	0xD7FE      	BRA         L_GIRO36050
0x02DC	0x2E0C      	DECFSZ      R12, 1, 0
0x02DE	0xD7FC      	BRA         L_GIRO36050
0x02E0	0x2E0B      	DECFSZ      R11, 1, 0
0x02E2	0xD7FA      	BRA         L_GIRO36050
0x02E4	0x0000      	NOP
0x02E6	0x0000      	NOP
;BlackShadow_code.c,329 :: 		HARD();
0x02E8	0xDFBE      	RCALL       _HARD
;BlackShadow_code.c,330 :: 		delay_ms(500);
0x02EA	0x0E06      	MOVLW       6
0x02EC	0x6E0B      	MOVWF       R11, 0
0x02EE	0x0E13      	MOVLW       19
0x02F0	0x6E0C      	MOVWF       R12, 0
0x02F2	0x0EAD      	MOVLW       173
0x02F4	0x6E0D      	MOVWF       R13, 0
L_GIRO36051:
0x02F6	0x2E0D      	DECFSZ      R13, 1, 0
0x02F8	0xD7FE      	BRA         L_GIRO36051
0x02FA	0x2E0C      	DECFSZ      R12, 1, 0
0x02FC	0xD7FC      	BRA         L_GIRO36051
0x02FE	0x2E0B      	DECFSZ      R11, 1, 0
0x0300	0xD7FA      	BRA         L_GIRO36051
0x0302	0x0000      	NOP
0x0304	0x0000      	NOP
;BlackShadow_code.c,331 :: 		}
L_end_GIRO360:
0x0306	0x0012      	RETURN      0
; end of _GIRO360
_DER:
;BlackShadow_code.c,277 :: 		void DER(){
;BlackShadow_code.c,278 :: 		Start();
0x0308	0xDF05      	RCALL       _Start
;BlackShadow_code.c,279 :: 		PWM1_Set_Duty(200);
0x030A	0x0EC8      	MOVLW       200
0x030C	0x6E1B      	MOVWF       FARG_PWM1_Set_Duty_new_duty 
0x030E	0xDF3F      	RCALL       _PWM1_Set_Duty
;BlackShadow_code.c,280 :: 		PWM2_Set_Duty(0);
0x0310	0x6A1B      	CLRF        FARG_PWM2_Set_Duty_new_duty 
0x0312	0xDF73      	RCALL       _PWM2_Set_Duty
;BlackShadow_code.c,282 :: 		PWM3_Set_Duty(0);
0x0314	0x6A1B      	CLRF        FARG_PWM3_Set_Duty_new_duty 
0x0316	0xDF04      	RCALL       _PWM3_Set_Duty
;BlackShadow_code.c,283 :: 		PWM4_Set_Duty(0);
0x0318	0x6A1B      	CLRF        FARG_PWM4_Set_Duty_new_duty 
0x031A	0xDEC5      	RCALL       _PWM4_Set_Duty
;BlackShadow_code.c,285 :: 		}
L_end_DER:
0x031C	0x0012      	RETURN      0
; end of _DER
_REC:
;BlackShadow_code.c,266 :: 		void REC(){
;BlackShadow_code.c,268 :: 		Start();
0x031E	0xDEFA      	RCALL       _Start
;BlackShadow_code.c,270 :: 		PWM1_Set_Duty(170); // IN1 = PWM
0x0320	0x0EAA      	MOVLW       170
0x0322	0x6E1B      	MOVWF       FARG_PWM1_Set_Duty_new_duty 
0x0324	0xDF34      	RCALL       _PWM1_Set_Duty
;BlackShadow_code.c,271 :: 		PWM2_Set_Duty(0);
0x0326	0x6A1B      	CLRF        FARG_PWM2_Set_Duty_new_duty 
0x0328	0xDF68      	RCALL       _PWM2_Set_Duty
;BlackShadow_code.c,274 :: 		PWM3_Set_Duty(120);    // IN1 = 0
0x032A	0x0E78      	MOVLW       120
0x032C	0x6E1B      	MOVWF       FARG_PWM3_Set_Duty_new_duty 
0x032E	0xDEF8      	RCALL       _PWM3_Set_Duty
;BlackShadow_code.c,275 :: 		PWM4_Set_Duty(0);
0x0330	0x6A1B      	CLRF        FARG_PWM4_Set_Duty_new_duty 
0x0332	0xDEB9      	RCALL       _PWM4_Set_Duty
;BlackShadow_code.c,276 :: 		}
L_end_REC:
0x0334	0x0012      	RETURN      0
; end of _REC
_GIRO180:
;BlackShadow_code.c,314 :: 		void GIRO180(){
;BlackShadow_code.c,315 :: 		Start();
0x0336	0xDEEE      	RCALL       _Start
;BlackShadow_code.c,316 :: 		PWM1_Set_Duty(0);
0x0338	0x6A1B      	CLRF        FARG_PWM1_Set_Duty_new_duty 
0x033A	0xDF29      	RCALL       _PWM1_Set_Duty
;BlackShadow_code.c,317 :: 		PWM2_Set_Duty(0);
0x033C	0x6A1B      	CLRF        FARG_PWM2_Set_Duty_new_duty 
0x033E	0xDF5D      	RCALL       _PWM2_Set_Duty
;BlackShadow_code.c,319 :: 		PWM3_Set_Duty(0);
0x0340	0x6A1B      	CLRF        FARG_PWM3_Set_Duty_new_duty 
0x0342	0xDEEE      	RCALL       _PWM3_Set_Duty
;BlackShadow_code.c,320 :: 		PWM4_Set_Duty(170);
0x0344	0x0EAA      	MOVLW       170
0x0346	0x6E1B      	MOVWF       FARG_PWM4_Set_Duty_new_duty 
0x0348	0xDEAE      	RCALL       _PWM4_Set_Duty
;BlackShadow_code.c,321 :: 		delay_ms(250);
0x034A	0x0E03      	MOVLW       3
0x034C	0x6E0B      	MOVWF       R11, 0
0x034E	0x0E8A      	MOVLW       138
0x0350	0x6E0C      	MOVWF       R12, 0
0x0352	0x0E55      	MOVLW       85
0x0354	0x6E0D      	MOVWF       R13, 0
L_GIRO18049:
0x0356	0x2E0D      	DECFSZ      R13, 1, 0
0x0358	0xD7FE      	BRA         L_GIRO18049
0x035A	0x2E0C      	DECFSZ      R12, 1, 0
0x035C	0xD7FC      	BRA         L_GIRO18049
0x035E	0x2E0B      	DECFSZ      R11, 1, 0
0x0360	0xD7FA      	BRA         L_GIRO18049
0x0362	0x0000      	NOP
0x0364	0x0000      	NOP
;BlackShadow_code.c,324 :: 		}
L_end_GIRO180:
0x0366	0x0012      	RETURN      0
; end of _GIRO180
_main:
0x0368	0x6A15      	CLRF        _linea_izq_detectada 
0x036A	0x6A16      	CLRF        _linea_der_detectada 
;BlackShadow_code.c,61 :: 		void main() {
;BlackShadow_code.c,62 :: 		OSCCON = 0b01100110;
0x036C	0x0E66      	MOVLW       102
0x036E	0x6ED3      	MOVWF       OSCCON 
;BlackShadow_code.c,65 :: 		PORTA = 0;
0x0370	0x6A80      	CLRF        PORTA 
;BlackShadow_code.c,66 :: 		PORTB = 0;
0x0372	0x6A81      	CLRF        PORTB 
;BlackShadow_code.c,67 :: 		PORTC = 0;
0x0374	0x6A82      	CLRF        PORTC 
;BlackShadow_code.c,70 :: 		TRISA= 0b00001111;   //El bit 1 del PortaA0 es el ultimo.     //0X0F
0x0376	0x0E0F      	MOVLW       15
0x0378	0x6E92      	MOVWF       TRISA 
;BlackShadow_code.c,71 :: 		TRISB= 0b11011110;    //El bit que tenemos hasta la izquierda es el numero 7.DAT Y CLK se dejan como entrada aunque pueden ser salida, el micro los ocupa para programar
0x037A	0x0EDE      	MOVLW       222
0x037C	0x6E93      	MOVWF       TRISB 
;BlackShadow_code.c,72 :: 		TRISC= 0b11111001;
0x037E	0x0EF9      	MOVLW       249
0x0380	0x6E94      	MOVWF       TRISC 
;BlackShadow_code.c,74 :: 		ANSELA= 0b00000000;
0x0382	0x010F      	MOVLB       15
0x0384	0x6B38      	CLRF        ANSELA, 1
;BlackShadow_code.c,75 :: 		ANSELB= 0b00000000;
0x0386	0x6B39      	CLRF        ANSELB, 1
;BlackShadow_code.c,76 :: 		ANSELC= 0b00000000;
0x0388	0x6B3A      	CLRF        ANSELC, 1
;BlackShadow_code.c,80 :: 		INTCON3.INT1IE =1;                               //habilitamos interrupción INT1 (RB1)
0x038A	0x86F0      	BSF         INTCON3, 3 
;BlackShadow_code.c,81 :: 		INTCON3.INT2IE =1;                                //habilitamos interrupción INT2 (RB2)
0x038C	0x88F0      	BSF         INTCON3, 4 
;BlackShadow_code.c,83 :: 		INTCON2.INTEDG1 =0;                               //INT1: Interrumpe en flanco de bajada
0x038E	0x9AF1      	BCF         INTCON2, 5 
;BlackShadow_code.c,84 :: 		INTCON2.INTEDG2 =0;                                //INT2: Interrumpe en flanco de bajada
0x0390	0x98F1      	BCF         INTCON2, 4 
;BlackShadow_code.c,86 :: 		INTCON.GIE =1;                                    //Interrupciones globales
0x0392	0x8EF2      	BSF         INTCON, 7 
;BlackShadow_code.c,87 :: 		INTCON.PEIE =1;                                   //Interrupciones perifericas
0x0394	0x8CF2      	BSF         INTCON, 6 
;BlackShadow_code.c,96 :: 		PWM1_Init(20000);   //Se debe poner a 20 000 para el motor y 1000 para simular
0x0396	0x90BA      	BCF         T2CON, 0, 0
0x0398	0x92BA      	BCF         T2CON, 1, 0
0x039A	0x0E63      	MOVLW       99
0x039C	0x6EBB      	MOVWF       PR2, 0
0x039E	0xDF8C      	RCALL       _PWM1_Init
;BlackShadow_code.c,97 :: 		PWM2_Init(20000);
0x03A0	0x90BA      	BCF         T2CON, 0, 0
0x03A2	0x92BA      	BCF         T2CON, 1, 0
0x03A4	0x0E63      	MOVLW       99
0x03A6	0x6EBB      	MOVWF       PR2, 0
0x03A8	0xDF76      	RCALL       _PWM2_Init
;BlackShadow_code.c,98 :: 		PWM3_Init(20000);
0x03AA	0x90BA      	BCF         T2CON, 0, 0
0x03AC	0x92BA      	BCF         T2CON, 1, 0
0x03AE	0x0E63      	MOVLW       99
0x03B0	0x6EBB      	MOVWF       PR2, 0
0x03B2	0xDF75      	RCALL       _PWM3_Init
;BlackShadow_code.c,99 :: 		PWM4_Init(20000);
0x03B4	0x90BA      	BCF         T2CON, 0, 0
0x03B6	0x92BA      	BCF         T2CON, 1, 0
0x03B8	0x0E63      	MOVLW       99
0x03BA	0x6EBB      	MOVWF       PR2, 0
0x03BC	0xDF81      	RCALL       _PWM4_Init
;BlackShadow_code.c,102 :: 		PWM1_Set_Duty(0);
0x03BE	0x6A1B      	CLRF        FARG_PWM1_Set_Duty_new_duty 
0x03C0	0xDEE6      	RCALL       _PWM1_Set_Duty
;BlackShadow_code.c,103 :: 		PWM2_Set_Duty(0);
0x03C2	0x6A1B      	CLRF        FARG_PWM2_Set_Duty_new_duty 
0x03C4	0xDF1A      	RCALL       _PWM2_Set_Duty
;BlackShadow_code.c,104 :: 		PWM3_Set_Duty(0);
0x03C6	0x6A1B      	CLRF        FARG_PWM3_Set_Duty_new_duty 
0x03C8	0xDEAB      	RCALL       _PWM3_Set_Duty
;BlackShadow_code.c,105 :: 		PWM4_Set_Duty(0);
0x03CA	0x6A1B      	CLRF        FARG_PWM4_Set_Duty_new_duty 
0x03CC	0xDE6C      	RCALL       _PWM4_Set_Duty
;BlackShadow_code.c,107 :: 		PWM1_Start();
0x03CE	0xDE39      	RCALL       _PWM1_Start
;BlackShadow_code.c,108 :: 		PWM2_Start();
0x03D0	0xDE3D      	RCALL       _PWM2_Start
;BlackShadow_code.c,109 :: 		PWM3_Start();
0x03D2	0xDE31      	RCALL       _PWM3_Start
;BlackShadow_code.c,110 :: 		PWM4_Start();
0x03D4	0xDE24      	RCALL       _PWM4_Start
;BlackShadow_code.c,115 :: 		L0=0; L3=L2=L1=1;
0x03D6	0x9C80      	BCF         PORTA, 6 
0x03D8	0x8E80      	BSF         PORTA, 7 
0x03DA	0xBE80      	BTFSC       PORTA, 7 
0x03DC	0xD002      	BRA         L__main96
0x03DE	0x9A80      	BCF         PORTA, 5 
0x03E0	0xD001      	BRA         L__main97
L__main96:
0x03E2	0x8A80      	BSF         PORTA, 5 
L__main97:
0x03E4	0xBA80      	BTFSC       PORTA, 5 
0x03E6	0xD002      	BRA         L__main98
0x03E8	0x9880      	BCF         PORTA, 4 
0x03EA	0xD001      	BRA         L__main99
L__main98:
0x03EC	0x8880      	BSF         PORTA, 4 
L__main99:
;BlackShadow_code.c,116 :: 		delay_ms(300);
0x03EE	0x0E04      	MOVLW       4
0x03F0	0x6E0B      	MOVWF       R11, 0
0x03F2	0x0E0C      	MOVLW       12
0x03F4	0x6E0C      	MOVWF       R12, 0
0x03F6	0x0E33      	MOVLW       51
0x03F8	0x6E0D      	MOVWF       R13, 0
L_main0:
0x03FA	0x2E0D      	DECFSZ      R13, 1, 0
0x03FC	0xD7FE      	BRA         L_main0
0x03FE	0x2E0C      	DECFSZ      R12, 1, 0
0x0400	0xD7FC      	BRA         L_main0
0x0402	0x2E0B      	DECFSZ      R11, 1, 0
0x0404	0xD7FA      	BRA         L_main0
0x0406	0x0000      	NOP
0x0408	0x0000      	NOP
;BlackShadow_code.c,117 :: 		L1=0; L3=L2=L0=1;
0x040A	0x9E80      	BCF         PORTA, 7 
0x040C	0x8C80      	BSF         PORTA, 6 
0x040E	0xBC80      	BTFSC       PORTA, 6 
0x0410	0xD002      	BRA         L__main100
0x0412	0x9A80      	BCF         PORTA, 5 
0x0414	0xD001      	BRA         L__main101
L__main100:
0x0416	0x8A80      	BSF         PORTA, 5 
L__main101:
0x0418	0xBA80      	BTFSC       PORTA, 5 
0x041A	0xD002      	BRA         L__main102
0x041C	0x9880      	BCF         PORTA, 4 
0x041E	0xD001      	BRA         L__main103
L__main102:
0x0420	0x8880      	BSF         PORTA, 4 
L__main103:
;BlackShadow_code.c,118 :: 		delay_ms(300);
0x0422	0x0E04      	MOVLW       4
0x0424	0x6E0B      	MOVWF       R11, 0
0x0426	0x0E0C      	MOVLW       12
0x0428	0x6E0C      	MOVWF       R12, 0
0x042A	0x0E33      	MOVLW       51
0x042C	0x6E0D      	MOVWF       R13, 0
L_main1:
0x042E	0x2E0D      	DECFSZ      R13, 1, 0
0x0430	0xD7FE      	BRA         L_main1
0x0432	0x2E0C      	DECFSZ      R12, 1, 0
0x0434	0xD7FC      	BRA         L_main1
0x0436	0x2E0B      	DECFSZ      R11, 1, 0
0x0438	0xD7FA      	BRA         L_main1
0x043A	0x0000      	NOP
0x043C	0x0000      	NOP
;BlackShadow_code.c,119 :: 		L2=0; L3=L1=L0=1;
0x043E	0x9A80      	BCF         PORTA, 5 
0x0440	0x8C80      	BSF         PORTA, 6 
0x0442	0xBC80      	BTFSC       PORTA, 6 
0x0444	0xD002      	BRA         L__main104
0x0446	0x9E80      	BCF         PORTA, 7 
0x0448	0xD001      	BRA         L__main105
L__main104:
0x044A	0x8E80      	BSF         PORTA, 7 
L__main105:
0x044C	0xBE80      	BTFSC       PORTA, 7 
0x044E	0xD002      	BRA         L__main106
0x0450	0x9880      	BCF         PORTA, 4 
0x0452	0xD001      	BRA         L__main107
L__main106:
0x0454	0x8880      	BSF         PORTA, 4 
L__main107:
;BlackShadow_code.c,120 :: 		delay_ms(300);
0x0456	0x0E04      	MOVLW       4
0x0458	0x6E0B      	MOVWF       R11, 0
0x045A	0x0E0C      	MOVLW       12
0x045C	0x6E0C      	MOVWF       R12, 0
0x045E	0x0E33      	MOVLW       51
0x0460	0x6E0D      	MOVWF       R13, 0
L_main2:
0x0462	0x2E0D      	DECFSZ      R13, 1, 0
0x0464	0xD7FE      	BRA         L_main2
0x0466	0x2E0C      	DECFSZ      R12, 1, 0
0x0468	0xD7FC      	BRA         L_main2
0x046A	0x2E0B      	DECFSZ      R11, 1, 0
0x046C	0xD7FA      	BRA         L_main2
0x046E	0x0000      	NOP
0x0470	0x0000      	NOP
;BlackShadow_code.c,121 :: 		L3=0; L0=L1=L2=1;
0x0472	0x9880      	BCF         PORTA, 4 
0x0474	0x8A80      	BSF         PORTA, 5 
0x0476	0xBA80      	BTFSC       PORTA, 5 
0x0478	0xD002      	BRA         L__main108
0x047A	0x9E80      	BCF         PORTA, 7 
0x047C	0xD001      	BRA         L__main109
L__main108:
0x047E	0x8E80      	BSF         PORTA, 7 
L__main109:
0x0480	0xBE80      	BTFSC       PORTA, 7 
0x0482	0xD002      	BRA         L__main110
0x0484	0x9C80      	BCF         PORTA, 6 
0x0486	0xD001      	BRA         L__main111
L__main110:
0x0488	0x8C80      	BSF         PORTA, 6 
L__main111:
;BlackShadow_code.c,122 :: 		delay_ms(300);
0x048A	0x0E04      	MOVLW       4
0x048C	0x6E0B      	MOVWF       R11, 0
0x048E	0x0E0C      	MOVLW       12
0x0490	0x6E0C      	MOVWF       R12, 0
0x0492	0x0E33      	MOVLW       51
0x0494	0x6E0D      	MOVWF       R13, 0
L_main3:
0x0496	0x2E0D      	DECFSZ      R13, 1, 0
0x0498	0xD7FE      	BRA         L_main3
0x049A	0x2E0C      	DECFSZ      R12, 1, 0
0x049C	0xD7FC      	BRA         L_main3
0x049E	0x2E0B      	DECFSZ      R11, 1, 0
0x04A0	0xD7FA      	BRA         L_main3
0x04A2	0x0000      	NOP
0x04A4	0x0000      	NOP
;BlackShadow_code.c,123 :: 		L3=L2=L1=L0=1;
0x04A6	0x8C80      	BSF         PORTA, 6 
0x04A8	0xBC80      	BTFSC       PORTA, 6 
0x04AA	0xD002      	BRA         L__main112
0x04AC	0x9E80      	BCF         PORTA, 7 
0x04AE	0xD001      	BRA         L__main113
L__main112:
0x04B0	0x8E80      	BSF         PORTA, 7 
L__main113:
0x04B2	0xBE80      	BTFSC       PORTA, 7 
0x04B4	0xD002      	BRA         L__main114
0x04B6	0x9A80      	BCF         PORTA, 5 
0x04B8	0xD001      	BRA         L__main115
L__main114:
0x04BA	0x8A80      	BSF         PORTA, 5 
L__main115:
0x04BC	0xBA80      	BTFSC       PORTA, 5 
0x04BE	0xD002      	BRA         L__main116
0x04C0	0x9880      	BCF         PORTA, 4 
0x04C2	0xD001      	BRA         L__main117
L__main116:
0x04C4	0x8880      	BSF         PORTA, 4 
L__main117:
;BlackShadow_code.c,125 :: 		while(1){
L_main4:
;BlackShadow_code.c,127 :: 		if(S4 != 0 && S3 != 0){
0x04C6	0xA481      	BTFSS       PORTB, 2 
0x04C8	0xD004      	BRA         L_main8
0x04CA	0xA281      	BTFSS       PORTB, 1 
0x04CC	0xD002      	BRA         L_main8
L__main86:
;BlackShadow_code.c,128 :: 		REC();
0x04CE	0xDF27      	RCALL       _REC
;BlackShadow_code.c,129 :: 		}
0x04D0	0xD05E      	BRA         L_main9
L_main8:
;BlackShadow_code.c,131 :: 		else if(S4 == 0 && S3 == 0){
0x04D2	0xB481      	BTFSC       PORTB, 2 
0x04D4	0xD01F      	BRA         L_main12
0x04D6	0xB281      	BTFSC       PORTB, 1 
0x04D8	0xD01D      	BRA         L_main12
L__main85:
;BlackShadow_code.c,132 :: 		HARD();
0x04DA	0xDEC5      	RCALL       _HARD
;BlackShadow_code.c,133 :: 		delay_ms(100);
0x04DC	0x0E02      	MOVLW       2
0x04DE	0x6E0B      	MOVWF       R11, 0
0x04E0	0x0E04      	MOVLW       4
0x04E2	0x6E0C      	MOVWF       R12, 0
0x04E4	0x0EBA      	MOVLW       186
0x04E6	0x6E0D      	MOVWF       R13, 0
L_main13:
0x04E8	0x2E0D      	DECFSZ      R13, 1, 0
0x04EA	0xD7FE      	BRA         L_main13
0x04EC	0x2E0C      	DECFSZ      R12, 1, 0
0x04EE	0xD7FC      	BRA         L_main13
0x04F0	0x2E0B      	DECFSZ      R11, 1, 0
0x04F2	0xD7FA      	BRA         L_main13
0x04F4	0x0000      	NOP
;BlackShadow_code.c,134 :: 		GIRO180();
0x04F6	0xDF1F      	RCALL       _GIRO180
;BlackShadow_code.c,135 :: 		delay_ms(100);
0x04F8	0x0E02      	MOVLW       2
0x04FA	0x6E0B      	MOVWF       R11, 0
0x04FC	0x0E04      	MOVLW       4
0x04FE	0x6E0C      	MOVWF       R12, 0
0x0500	0x0EBA      	MOVLW       186
0x0502	0x6E0D      	MOVWF       R13, 0
L_main14:
0x0504	0x2E0D      	DECFSZ      R13, 1, 0
0x0506	0xD7FE      	BRA         L_main14
0x0508	0x2E0C      	DECFSZ      R12, 1, 0
0x050A	0xD7FC      	BRA         L_main14
0x050C	0x2E0B      	DECFSZ      R11, 1, 0
0x050E	0xD7FA      	BRA         L_main14
0x0510	0x0000      	NOP
;BlackShadow_code.c,136 :: 		}
0x0512	0xD03D      	BRA         L_main15
L_main12:
;BlackShadow_code.c,137 :: 		else if (S3 == 0){
0x0514	0xB281      	BTFSC       PORTB, 1 
0x0516	0xD01D      	BRA         L_main16
;BlackShadow_code.c,138 :: 		HARD();
0x0518	0xDEA6      	RCALL       _HARD
;BlackShadow_code.c,139 :: 		delay_ms(100);
0x051A	0x0E02      	MOVLW       2
0x051C	0x6E0B      	MOVWF       R11, 0
0x051E	0x0E04      	MOVLW       4
0x0520	0x6E0C      	MOVWF       R12, 0
0x0522	0x0EBA      	MOVLW       186
0x0524	0x6E0D      	MOVWF       R13, 0
L_main17:
0x0526	0x2E0D      	DECFSZ      R13, 1, 0
0x0528	0xD7FE      	BRA         L_main17
0x052A	0x2E0C      	DECFSZ      R12, 1, 0
0x052C	0xD7FC      	BRA         L_main17
0x052E	0x2E0B      	DECFSZ      R11, 1, 0
0x0530	0xD7FA      	BRA         L_main17
0x0532	0x0000      	NOP
;BlackShadow_code.c,140 :: 		GIRO360();
0x0534	0xDECA      	RCALL       _GIRO360
;BlackShadow_code.c,141 :: 		delay_ms(100);
0x0536	0x0E02      	MOVLW       2
0x0538	0x6E0B      	MOVWF       R11, 0
0x053A	0x0E04      	MOVLW       4
0x053C	0x6E0C      	MOVWF       R12, 0
0x053E	0x0EBA      	MOVLW       186
0x0540	0x6E0D      	MOVWF       R13, 0
L_main18:
0x0542	0x2E0D      	DECFSZ      R13, 1, 0
0x0544	0xD7FE      	BRA         L_main18
0x0546	0x2E0C      	DECFSZ      R12, 1, 0
0x0548	0xD7FC      	BRA         L_main18
0x054A	0x2E0B      	DECFSZ      R11, 1, 0
0x054C	0xD7FA      	BRA         L_main18
0x054E	0x0000      	NOP
;BlackShadow_code.c,142 :: 		}
0x0550	0xD01E      	BRA         L_main19
L_main16:
;BlackShadow_code.c,143 :: 		else if (S4 == 0){
0x0552	0xB481      	BTFSC       PORTB, 2 
0x0554	0xD01C      	BRA         L_main20
;BlackShadow_code.c,144 :: 		HARD();
0x0556	0xDE87      	RCALL       _HARD
;BlackShadow_code.c,145 :: 		delay_ms(100);
0x0558	0x0E02      	MOVLW       2
0x055A	0x6E0B      	MOVWF       R11, 0
0x055C	0x0E04      	MOVLW       4
0x055E	0x6E0C      	MOVWF       R12, 0
0x0560	0x0EBA      	MOVLW       186
0x0562	0x6E0D      	MOVWF       R13, 0
L_main21:
0x0564	0x2E0D      	DECFSZ      R13, 1, 0
0x0566	0xD7FE      	BRA         L_main21
0x0568	0x2E0C      	DECFSZ      R12, 1, 0
0x056A	0xD7FC      	BRA         L_main21
0x056C	0x2E0B      	DECFSZ      R11, 1, 0
0x056E	0xD7FA      	BRA         L_main21
0x0570	0x0000      	NOP
;BlackShadow_code.c,146 :: 		DER();
0x0572	0xDECA      	RCALL       _DER
;BlackShadow_code.c,147 :: 		delay_ms(100);
0x0574	0x0E02      	MOVLW       2
0x0576	0x6E0B      	MOVWF       R11, 0
0x0578	0x0E04      	MOVLW       4
0x057A	0x6E0C      	MOVWF       R12, 0
0x057C	0x0EBA      	MOVLW       186
0x057E	0x6E0D      	MOVWF       R13, 0
L_main22:
0x0580	0x2E0D      	DECFSZ      R13, 1, 0
0x0582	0xD7FE      	BRA         L_main22
0x0584	0x2E0C      	DECFSZ      R12, 1, 0
0x0586	0xD7FC      	BRA         L_main22
0x0588	0x2E0B      	DECFSZ      R11, 1, 0
0x058A	0xD7FA      	BRA         L_main22
0x058C	0x0000      	NOP
;BlackShadow_code.c,148 :: 		}
L_main20:
L_main19:
L_main15:
L_main9:
;BlackShadow_code.c,153 :: 		}
0x058E	0xD79B      	BRA         L_main4
;BlackShadow_code.c,154 :: 		}
L_end_main:
0x0590	0xD7FF      	BRA         $+0
; end of _main
Symbol List:
//** Routines locations **
//ADDRESS    SIZE    PROCEDURE
//----------------------------------------------
0x0008      [22]    _INTERRUPT
0x001E      [12]    _PWM4_Start
0x002A      [12]    _PWM5_Start
0x0036      [12]    _PWM3_Start
0x0042      [10]    _PWM1_Start
0x004C      [10]    _PWM2_Start
0x0056      [80]    _Mul_16X16_U
0x00A6     [110]    _PWM4_Set_Duty
0x0114      [12]    _Start
0x0120     [110]    _PWM3_Set_Duty
0x018E     [108]    _PWM1_Set_Duty
0x01FA     [108]    _PWM2_Set_Duty
0x0266      [26]    _HARD
0x0280      [22]    _IZQ
0x0296       [8]    _PWM2_Init
0x029E      [10]    _PWM3_Init
0x02A8      [16]    ___CC2DW
0x02B8       [8]    _PWM1_Init
0x02C0      [10]    _PWM4_Init
0x02CA      [62]    _GIRO360
0x0308      [22]    _DER
0x031E      [24]    _REC
0x0336      [50]    _GIRO180
0x0368     [554]    _main
//** Variables locations ** 
//ADDRESS    SIZE    VARIABLE
//----------------------------------------------
0x0000       [1]    R0
0x0001       [1]    R1
0x0001       [1]    ispunct_rslt_L0
0x0002       [2]    memcpy_dd_L0
0x0002       [2]    strlen_cp_L0
0x0002       [2]    memchr_s_L0
0x0002       [1]    R2
0x0002       [2]    memset_pp_L0
0x0003       [1]    R3
0x0003       [2]    memmove_tt_L0
0x0004       [2]    memcpy_ss_L0
0x0004       [1]    R4
0x0004       [2]    frexp_pom_L0
0x0004       [2]    strcat_cp_L0
0x0004       [2]    strncpy_cp_L0
0x0004       [2]    strcpy_cp_L0
0x0004       [2]    strncat_cp_L0
0x0005       [2]    memmove_ff_L0
0x0005       [1]    R5
0x0006       [1]    R6
0x0007       [1]    R7
0x0008       [1]    R8
0x0009       [1]    R9
0x000A       [1]    R10
0x000B       [1]    R11
0x000C       [1]    R12
0x000D       [1]    R13
0x000E       [1]    R14
0x000F       [1]    R15
0x0010       [1]    R16
0x0011       [1]    R17
0x0012       [1]    R18
0x0013       [1]    R19
0x0014       [1]    R20
0x0015       [1]    _linea_izq_detectada
0x0016       [1]    _linea_der_detectada
0x0017       [4]    FARG_PWM4_Init_PWM_Freq
0x0017       [4]    FARG_PWM3_Init_PWM_Freq
0x0017       [4]    FARG_PWM1_Init_PWM_Freq
0x0017       [4]    FARG_PWM2_Init_PWM_Freq
0x001B       [1]    FARG_PWM3_Set_Duty_new_duty
0x001B       [1]    FARG_PWM4_Set_Duty_new_duty
0x001B       [1]    FARG_PWM1_Set_Duty_new_duty
0x001B       [1]    FARG_PWM2_Set_Duty_new_duty
0x0F38       [1]    ANSELA
0x0F39       [1]    ANSELB
0x0F3A       [1]    ANSELC
0x0F54       [1]    CCP5CON
0x0F57       [1]    CCP4CON
0x0F58       [1]    CCPR4L
0x0F5D       [1]    CCP3CON
0x0F5E       [1]    CCPR3L
0x0F66       [1]    CCP2CON
0x0F67       [1]    CCPR2L
0x0F80       [1]    PORTA
0x0F81       [1]    PORTB
0x0F82       [1]    PORTC
0x0F92       [0]    TRISA4_bit
0x0F92       [1]    TRISA
0x0F93       [1]    TRISB
0x0F93       [0]    TRISB0_bit
0x0F93       [0]    TRISB5_bit
0x0F94       [0]    TRISC1_bit
0x0F94       [1]    TRISC
0x0F94       [0]    TRISC2_bit
0x0FBA       [1]    T2CON
0x0FBB       [1]    PR2
0x0FBD       [1]    CCP1CON
0x0FBE       [1]    CCPR1L
0x0FD3       [1]    OSCCON
0x0FD8       [1]    STATUS
0x0FD9       [1]    FSR2L
0x0FDA       [1]    FSR2H
0x0FDE       [1]    POSTINC2
0x0FE0       [1]    BSR
0x0FE1       [1]    FSR1L
0x0FE2       [1]    FSR1H
0x0FE4       [1]    PREINC1
0x0FE6       [1]    POSTINC1
0x0FE7       [1]    INDF1
0x0FE8       [1]    WREG
0x0FE9       [1]    FSR0L
0x0FEA       [1]    FSR0H
0x0FEE       [1]    POSTINC0
0x0FF0       [1]    INTCON3
0x0FF1       [1]    INTCON2
0x0FF2       [1]    INTCON
0x0FF3       [1]    PRODL
0x0FF4       [1]    PRODH
0x0FF5       [1]    TABLAT
0x0FF6       [1]    TBLPTRL
0x0FF7       [1]    TBLPTRH
0x0FF8       [1]    TBLPTRU
